<?xml version="1.0" encoding="UTF-8"?>
<robot generator="Robot 3.1.1 (Python 3.7.2 on win32)" generated="20190210 05:26:23.542" rpa="false">
<suite id="s1" name="testSuite01" source="F:\Java\RobotDemo1\test01\testSuite01.robot">
<test id="s1-t1" name="MyFirstTest">
<kw name="Log" library="BuiltIn">
<doc>Logs the given message with the given level.</doc>
<arguments>
<arg>Hello World...</arg>
</arguments>
<msg timestamp="20190210 05:26:23.826" level="INFO">Hello World...</msg>
<status status="PASS" starttime="20190210 05:26:23.826" endtime="20190210 05:26:23.827"></status>
</kw>
<status status="PASS" starttime="20190210 05:26:23.826" endtime="20190210 05:26:23.827" critical="yes"></status>
</test>
<test id="s1-t2" name="1stSeleniumTest">
<kw name="Open Browser" library="SeleniumLibrary">
<doc>Opens a new browser instance to the given ``url``.</doc>
<arguments>
<arg>https://www.google.ca</arg>
<arg>chrome</arg>
</arguments>
<msg timestamp="20190210 05:26:23.828" level="INFO">Opening browser 'chrome' to base url 'https://www.google.ca'.</msg>
<status status="PASS" starttime="20190210 05:26:23.827" endtime="20190210 05:26:26.653"></status>
</kw>
<kw name="Set Browser Implicit Wait" library="SeleniumLibrary">
<doc>Sets the implicit wait value used by Selenium.</doc>
<arguments>
<arg>3</arg>
</arguments>
<status status="PASS" starttime="20190210 05:26:26.654" endtime="20190210 05:26:26.656"></status>
</kw>
<kw name="Input Text" library="SeleniumLibrary">
<doc>Types the given ``text`` into text field identified by ``locator``.</doc>
<arguments>
<arg>name=q</arg>
<arg>selenium</arg>
</arguments>
<msg timestamp="20190210 05:26:26.656" level="INFO">Typing text 'selenium' into text field 'name=q'.</msg>
<status status="PASS" starttime="20190210 05:26:26.656" endtime="20190210 05:26:26.803"></status>
</kw>
<kw name="Press Keys" library="SeleniumLibrary">
<doc>Simulates user pressing key(s) to an element or on the active browser.</doc>
<arguments>
<arg>name=q</arg>
<arg>ENTER</arg>
</arguments>
<msg timestamp="20190210 05:26:26.804" level="INFO">Sending key(s) ('ENTER',) to name=q element.</msg>
<msg timestamp="20190210 05:26:26.816" level="INFO">Pressing special key ENTER to element.</msg>
<status status="PASS" starttime="20190210 05:26:26.804" endtime="20190210 05:26:28.371"></status>
</kw>
<kw name="Sleep" library="BuiltIn">
<doc>Pauses the test executed for the given time.</doc>
<arguments>
<arg>2</arg>
</arguments>
<msg timestamp="20190210 05:26:30.372" level="INFO">Slept 2 seconds</msg>
<status status="PASS" starttime="20190210 05:26:28.371" endtime="20190210 05:26:30.372"></status>
</kw>
<kw name="Close Browser" library="SeleniumLibrary">
<doc>Closes the current browser.</doc>
<status status="PASS" starttime="20190210 05:26:30.372" endtime="20190210 05:26:32.455"></status>
</kw>
<kw name="Log" library="BuiltIn">
<doc>Logs the given message with the given level.</doc>
<arguments>
<arg>Test Completed</arg>
</arguments>
<msg timestamp="20190210 05:26:32.456" level="INFO">Test Completed</msg>
<status status="PASS" starttime="20190210 05:26:32.455" endtime="20190210 05:26:32.457"></status>
</kw>
<status status="PASS" starttime="20190210 05:26:23.827" endtime="20190210 05:26:32.457" critical="yes"></status>
</test>
<status status="PASS" starttime="20190210 05:26:23.544" endtime="20190210 05:26:32.460"></status>
</suite>
<statistics>
<total>
<stat pass="2" fail="0">Critical Tests</stat>
<stat pass="2" fail="0">All Tests</stat>
</total>
<tag>
</tag>
<suite>
<stat pass="2" fail="0" id="s1" name="testSuite01">testSuite01</stat>
</suite>
</statistics>
<errors>
</errors>
</robot>
