<?xml version="1.0" encoding="UTF-8"?>
<robot generator="Robot 3.1.1 (Python 3.7.2 on win32)" generated="20190213 06:14:10.875" rpa="false">
<suite id="s1" name="RobotDemo1" source="F:\Java\RobotDemo1">
<suite id="s1-s1" name="Test01" source="F:\Java\RobotDemo1\test01">
<suite id="s1-s1-s1" name="testSuite01" source="F:\Java\RobotDemo1\test01\testSuite01.robot">
<test id="s1-s1-s1-t1" name="1stSeleniumTest">
<kw name="Open Browser" library="SeleniumLibrary">
<doc>Opens a new browser instance to the given ``url``.</doc>
<arguments>
<arg>https://www.google.ca</arg>
<arg>chrome</arg>
</arguments>
<msg timestamp="20190213 06:14:11.267" level="INFO">Opening browser 'chrome' to base url 'https://www.google.ca'.</msg>
<status status="PASS" starttime="20190213 06:14:11.267" endtime="20190213 06:14:14.726"></status>
</kw>
<kw name="Set Browser Implicit Wait" library="SeleniumLibrary">
<doc>Sets the implicit wait value used by Selenium.</doc>
<arguments>
<arg>3</arg>
</arguments>
<status status="PASS" starttime="20190213 06:14:14.728" endtime="20190213 06:14:14.730"></status>
</kw>
<kw name="Input Text" library="SeleniumLibrary">
<doc>Types the given ``text`` into text field identified by ``locator``.</doc>
<arguments>
<arg>name=q</arg>
<arg>selenium</arg>
</arguments>
<msg timestamp="20190213 06:14:14.731" level="INFO">Typing text 'selenium' into text field 'name=q'.</msg>
<status status="PASS" starttime="20190213 06:14:14.730" endtime="20190213 06:14:14.896"></status>
</kw>
<kw name="Click Element" library="SeleniumLibrary">
<doc>Click element identified by ``locator``.</doc>
<arguments>
<arg>xpath=(//input[@name='btnK'])[2]</arg>
</arguments>
<msg timestamp="20190213 06:14:14.897" level="INFO">Clicking element 'xpath=(//input[@name='btnK'])[2]'.</msg>
<kw name="Capture Page Screenshot" library="SeleniumLibrary">
<doc>Takes screenshot of the current page and embeds it into log file.</doc>
<msg timestamp="20190213 06:14:15.504" level="INFO" html="yes">&lt;/td&gt;&lt;/tr&gt;&lt;tr&gt;&lt;td colspan="3"&gt;&lt;a href="selenium-screenshot-10.png"&gt;&lt;img src="selenium-screenshot-10.png" width="800px"&gt;&lt;/a&gt;</msg>
<status status="PASS" starttime="20190213 06:14:15.018" endtime="20190213 06:14:15.504"></status>
</kw>
<msg timestamp="20190213 06:14:15.512" level="FAIL">WebDriverException: Message: unknown error: Element &lt;input value="Google 搜索" aria-label="Google 搜索" name="btnK" type="submit"&gt; is not clickable at point (464, 411). Other element would receive the click: &lt;span&gt;...&lt;/span&gt;
  (Session info: chrome=72.0.3626.96)
  (Driver info: chromedriver=2.46.628402 (536cd7adbad73a3783fdc2cab92ab2ba7ec361e1),platform=Windows NT 10.0.17134 x86_64)
</msg>
<status status="FAIL" starttime="20190213 06:14:14.896" endtime="20190213 06:14:15.512"></status>
</kw>
<status status="FAIL" starttime="20190213 06:14:11.266" endtime="20190213 06:14:15.513" critical="yes">WebDriverException: Message: unknown error: Element &lt;input value="Google 搜索" aria-label="Google 搜索" name="btnK" type="submit"&gt; is not clickable at point (464, 411). Other element would receive the click: &lt;span&gt;...&lt;/span&gt;
  (Session info: chrome=72.0.3626.96)
  (Driver info: chromedriver=2.46.628402 (536cd7adbad73a3783fdc2cab92ab2ba7ec361e1),platform=Windows NT 10.0.17134 x86_64)
</status>
</test>
<status status="FAIL" starttime="20190213 06:14:10.962" endtime="20190213 06:14:15.514"></status>
</suite>
<status status="FAIL" starttime="20190213 06:14:10.957" endtime="20190213 06:14:15.519"></status>
</suite>
<status status="FAIL" starttime="20190213 06:14:10.931" endtime="20190213 06:14:15.522"></status>
</suite>
<statistics>
<total>
<stat pass="0" fail="1">Critical Tests</stat>
<stat pass="0" fail="1">All Tests</stat>
</total>
<tag>
</tag>
<suite>
<stat pass="0" fail="1" id="s1" name="RobotDemo1">RobotDemo1</stat>
<stat pass="0" fail="1" id="s1-s1" name="Test01">RobotDemo1.Test01</stat>
<stat pass="0" fail="1" id="s1-s1-s1" name="testSuite01">RobotDemo1.Test01.testSuite01</stat>
</suite>
</statistics>
<errors>
</errors>
</robot>
